[2026-06-26 19:44:43:4443] [[31merror[39m]: [31mError: Cannot set property query of #<IncomingMessage> which has only a getter[39m
[2026-06-26 19:44:43:4443] [[31merror[39m]: [31mError: Cannot set property query of #<IncomingMessage> which has only a getter[39m
[2026-06-26 19:44:43:4443] [[31merror[39m]: [31mError: Cannot set property query of #<IncomingMessage> which has only a getter[39m
[2026-06-26 19:45:13:4513] [[31merror[39m]: [31mError: A user with this email address already exists[39m
[2026-06-27 09:35:56:3556] [[31merror[39m]: [31mError: A user with this email address already exists[39m
[2026-06-27 09:41:19:4119] [[31merror[39m]: [31mError: A user with this email address already exists[39m
[2026-06-27 09:41:19:4119] [[31merror[39m]: [31mError: E11000 duplicate key error collection: test.users index: username_1 dup key: { username: "test_player_1" }[39m
[2026-06-27 09:41:19:4119] [[31merror[39m]: [31mError: A user with this email address already exists[39m
[2026-06-27 09:42:39:4239] [[31merror[39m]: [31mError: A user with this email address already exists[39m
[2026-06-27 09:43:28:4328] [[32minfo[39m]: [32mConnecting to MongoDB...[39m
[2026-06-27 09:43:30:4330] [[32minfo[39m]: [32mMongoDB connected successfully.[39m
[2026-06-27 09:43:30:4330] [[32minfo[39m]: [32mConnecting to Redis...[39m
[2026-06-27 09:43:31:4331] [[32minfo[39m]: [32mRedis connecting...[39m
[2026-06-27 09:43:40:4340] [[32minfo[39m]: [32mConnecting to MongoDB...[39m
[2026-06-27 09:43:42:4342] [[32minfo[39m]: [32mMongoDB connected successfully.[39m
[2026-06-27 09:43:42:4342] [[32minfo[39m]: [32mConnecting to Redis...[39m
[2026-06-27 09:43:42:4342] [[32minfo[39m]: [32mRedis connecting...[39m
[2026-06-27 09:43:42:4342] [[32minfo[39m]: [32mRedis connected successfully and is ready.[39m
[2026-06-27 09:43:43:4343] [[32minfo[39m]: [32mSeeding default products into database...[39m
[2026-06-27 09:43:44:4344] [[32minfo[39m]: [32mSeeding default products completed.[39m
[2026-06-27 09:43:44:4344] [[32minfo[39m]: [32mSeeding default AI stock market companies...[39m
[2026-06-27 09:43:45:4345] [[32minfo[39m]: [32mSeeding default AI stock companies completed.[39m
[2026-06-27 09:43:45:4345] [[32minfo[39m]: [32mStarting BullMQ Workers...[39m
[2026-06-27 09:43:45:4345] [[32minfo[39m]: [32mBullMQ simulation worker pool initialized.[39m
[2026-06-27 09:43:45:4345] [[32minfo[39m]: [32mInitializing BullMQ repeatable jobs scheduler...[39m
[2026-06-27 09:43:47:4347] [[32minfo[39m]: [32mBullMQ repeatable jobs scheduled successfully.[39m
[2026-06-27 09:43:47:4347] [[32minfo[39m]: [32m🚀 Server running in development mode on port 4000[39m
[2026-06-27 12:06:37:637] [[32minfo[39m]: [32mConnecting to MongoDB...[39m
[2026-06-27 12:06:38:638] [[32minfo[39m]: [32mMongoDB connected successfully.[39m
[2026-06-27 12:06:38:638] [[32minfo[39m]: [32mConnecting to Redis...[39m
[2026-06-27 12:06:38:638] [[32minfo[39m]: [32mRedis connecting...[39m
[2026-06-27 12:06:38:638] [[32minfo[39m]: [32mRedis connected successfully and is ready.[39m
[2026-06-27 12:06:38:638] [[32minfo[39m]: [32mStarting BullMQ Workers...[39m
[2026-06-27 12:06:38:638] [[32minfo[39m]: [32mBullMQ simulation worker pool initialized.[39m
[2026-06-27 12:06:38:638] [[32minfo[39m]: [32mInitializing BullMQ repeatable jobs scheduler...[39m
[2026-06-27 12:06:40:640] [[32minfo[39m]: [32mBullMQ repeatable jobs scheduled successfully.[39m
[2026-06-27 12:06:40:640] [[32minfo[39m]: [32m🚀 Server running in development mode on port 4000[39m
[2026-06-27 12:12:18:1218] [[33mwarn[39m]: [33mMongoDB disconnected. Attempting to reconnect...[39m
[2026-06-27 12:12:21:1221] [[32minfo[39m]: [32mMongoDB connected successfully.[39m
[2026-06-27 12:18:02:182] [[33mwarn[39m]: [33mMongoDB disconnected. Attempting to reconnect...[39m
[2026-06-27 12:18:03:183] [[32minfo[39m]: [32mMongoDB connected successfully.[39m
[2026-06-27 12:23:44:2344] [[33mwarn[39m]: [33mMongoDB disconnected. Attempting to reconnect...[39m
[2026-06-27 12:23:46:2346] [[32minfo[39m]: [32mMongoDB connected successfully.[39m
[2026-06-27 12:29:36:2936] [[33mwarn[39m]: [33mMongoDB disconnected. Attempting to reconnect...[39m
[2026-06-27 12:29:37:2937] [[32minfo[39m]: [32mMongoDB connected successfully.[39m
[2026-06-27 12:35:18:3518] [[33mwarn[39m]: [33mMongoDB disconnected. Attempting to reconnect...[39m
[2026-06-27 12:35:21:3521] [[32minfo[39m]: [32mMongoDB connected successfully.[39m
[2026-06-27 12:41:02:412] [[33mwarn[39m]: [33mMongoDB disconnected. Attempting to reconnect...[39m
[2026-06-27 12:41:03:413] [[32minfo[39m]: [32mMongoDB connected successfully.[39m
[2026-06-27 12:45:42:4542] [[31merror[39m]: [31mError in simulation worker job factoryProductionTick: getaddrinfo ENOTFOUND ac-ilxrxvu-shard-00-00.u7f2rck.mongodb.net[39m
[2026-06-27 12:59:58:5958] [[31merror[39m]: [31mRedis error: read ECONNRESET[39m
[2026-06-27 13:00:04:04] [[33mwarn[39m]: [33mRedis connection closed.[39m
[2026-06-27 13:00:07:07] [[31merror[39m]: [31mRedis error: getaddrinfo ENOTFOUND ecru-sort-sister-35804.db.redis.io[39m
[2026-06-27 13:00:07:07] [[33mwarn[39m]: [33mRedis connection closed.[39m
[2026-06-27 13:00:10:010] [[31merror[39m]: [31mRedis error: getaddrinfo ENOTFOUND ecru-sort-sister-35804.db.redis.io[39m
[2026-06-27 13:00:10:010] [[33mwarn[39m]: [33mRedis connection closed.[39m
[2026-06-27 13:00:10:010] [[31merror[39m]: [31mRedis error: getaddrinfo ENOTFOUND ecru-sort-sister-35804.db.redis.io[39m
[2026-06-27 13:00:10:010] [[33mwarn[39m]: [33mRedis connection closed.[39m
[2026-06-27 13:00:10:010] [[31merror[39m]: [31mRedis error: getaddrinfo ENOTFOUND ecru-sort-sister-35804.db.redis.io[39m
[2026-06-27 13:00:10:010] [[33mwarn[39m]: [33mRedis connection closed.[39m
[2026-06-27 13:00:11:011] [[31merror[39m]: [31mRedis error: getaddrinfo ENOTFOUND ecru-sort-sister-35804.db.redis.io[39m
[2026-06-27 13:00:11:011] [[33mwarn[39m]: [33mRedis connection closed.[39m
[2026-06-27 13:00:11:011] [[31merror[39m]: [31mRedis error: getaddrinfo ENOTFOUND ecru-sort-sister-35804.db.redis.io[39m
[2026-06-27 13:00:11:011] [[33mwarn[39m]: [33mRedis connection closed.[39m
[2026-06-27 13:00:11:011] [[31merror[39m]: [31mRedis error: getaddrinfo ENOTFOUND ecru-sort-sister-35804.db.redis.io[39m
[2026-06-27 13:00:11:011] [[33mwarn[39m]: [33mRedis connection closed.[39m
[2026-06-27 13:00:12:012] [[31merror[39m]: [31mRedis error: getaddrinfo ENOTFOUND ecru-sort-sister-35804.db.redis.io[39m
[2026-06-27 13:00:12:012] [[33mwarn[39m]: [33mRedis connection closed.[39m
[2026-06-27 13:00:12:012] [[31merror[39m]: [31mRedis error: getaddrinfo ENOTFOUND ecru-sort-sister-35804.db.redis.io[39m
[2026-06-27 13:00:12:012] [[33mwarn[39m]: [33mRedis connection closed.[39m
[2026-06-27 13:00:13:013] [[31merror[39m]: [31mRedis error: getaddrinfo ENOTFOUND ecru-sort-sister-35804.db.redis.io[39m
[2026-06-27 13:00:13:013] [[33mwarn[39m]: [33mRedis connection closed.[39m
[2026-06-27 13:00:13:013] [[31merror[39m]: [31mRedis error: getaddrinfo ENOTFOUND ecru-sort-sister-35804.db.redis.io[39m
[2026-06-27 13:00:13:013] [[33mwarn[39m]: [33mRedis connection closed.[39m
[2026-06-27 13:00:14:014] [[31merror[39m]: [31mRedis error: getaddrinfo ENOTFOUND ecru-sort-sister-35804.db.redis.io[39m
[2026-06-27 13:00:14:014] [[33mwarn[39m]: [33mRedis connection closed.[39m
[2026-06-27 13:00:14:014] [[31merror[39m]: [31mRedis error: getaddrinfo ENOTFOUND ecru-sort-sister-35804.db.redis.io[39m
[2026-06-27 13:00:14:014] [[33mwarn[39m]: [33mRedis connection closed.[39m
[2026-06-27 13:00:15:015] [[31merror[39m]: [31mRedis error: getaddrinfo ENOTFOUND ecru-sort-sister-35804.db.redis.io[39m
[2026-06-27 13:00:15:015] [[33mwarn[39m]: [33mRedis connection closed.[39m
[2026-06-27 13:00:16:016] [[31merror[39m]: [31mRedis error: getaddrinfo ENOTFOUND ecru-sort-sister-35804.db.redis.io[39m
[2026-06-27 13:00:16:016] [[33mwarn[39m]: [33mRedis connection closed.[39m
[2026-06-27 13:00:17:017] [[31merror[39m]: [31mRedis error: getaddrinfo ENOTFOUND ecru-sort-sister-35804.db.redis.io[39m
[2026-06-27 13:00:17:017] [[33mwarn[39m]: [33mRedis connection closed.[39m
[2026-06-27 13:00:19:019] [[31merror[39m]: [31mRedis error: getaddrinfo ENOTFOUND ecru-sort-sister-35804.db.redis.io[39m
[2026-06-27 13:00:19:019] [[33mwarn[39m]: [33mRedis connection closed.[39m
[2026-06-27 13:00:20:020] [[31merror[39m]: [31mRedis error: getaddrinfo ENOTFOUND ecru-sort-sister-35804.db.redis.io[39m
[2026-06-27 13:00:20:020] [[33mwarn[39m]: [33mRedis connection closed.[39m
[2026-06-27 13:00:21:021] [[31merror[39m]: [31mRedis error: getaddrinfo ENOTFOUND ecru-sort-sister-35804.db.redis.io[39m
[2026-06-27 13:00:21:021] [[33mwarn[39m]: [33mRedis connection closed.[39m
[2026-06-27 13:00:22:022] [[31merror[39m]: [31mRedis error: getaddrinfo ENOTFOUND ecru-sort-sister-35804.db.redis.io[39m
[2026-06-27 13:00:22:022] [[33mwarn[39m]: [33mRedis connection closed.[39m
[2026-06-27 13:00:23:023] [[31merror[39m]: [31mRedis error: getaddrinfo ENOTFOUND ecru-sort-sister-35804.db.redis.io[39m
[2026-06-27 13:00:23:023] [[33mwarn[39m]: [33mRedis connection closed.[39m
[2026-06-27 13:00:24:024] [[31merror[39m]: [31mRedis error: getaddrinfo ENOTFOUND ecru-sort-sister-35804.db.redis.io[39m
[2026-06-27 13:00:24:024] [[33mwarn[39m]: [33mRedis connection closed.[39m
[2026-06-27 13:00:25:025] [[31merror[39m]: [31mRedis error: getaddrinfo ENOTFOUND ecru-sort-sister-35804.db.redis.io[39m
[2026-06-27 13:00:25:025] [[33mwarn[39m]: [33mRedis connection closed.[39m
[2026-06-27 13:00:27:027] [[31merror[39m]: [31mRedis error: getaddrinfo ENOTFOUND ecru-sort-sister-35804.db.redis.io[39m
[2026-06-27 13:00:27:027] [[33mwarn[39m]: [33mRedis connection closed.[39m
[2026-06-27 13:00:28:028] [[31merror[39m]: [31mRedis error: getaddrinfo ENOTFOUND ecru-sort-sister-35804.db.redis.io[39m
[2026-06-27 13:00:28:028] [[33mwarn[39m]: [33mRedis connection closed.[39m
[2026-06-27 13:00:30:030] [[31merror[39m]: [31mRedis error: getaddrinfo ENOTFOUND ecru-sort-sister-35804.db.redis.io[39m
[2026-06-27 13:00:30:030] [[33mwarn[39m]: [33mRedis connection closed.[39m
[2026-06-27 13:00:31:031] [[31merror[39m]: [31mRedis error: getaddrinfo ENOTFOUND ecru-sort-sister-35804.db.redis.io[39m
[2026-06-27 13:00:31:031] [[33mwarn[39m]: [33mRedis connection closed.[39m
[2026-06-27 13:00:34:034] [[32minfo[39m]: [32mRedis connecting...[39m
[2026-06-27 13:00:35:035] [[32minfo[39m]: [32mRedis connected successfully and is ready.[39m
[2026-06-27 16:46:22:4622] [[32minfo[39m]: [32mConnecting to MongoDB...[39m
[2026-06-27 16:46:23:4623] [[32minfo[39m]: [32mMongoDB connected successfully.[39m
[2026-06-27 16:46:23:4623] [[32minfo[39m]: [32mConnecting to Redis...[39m
[2026-06-27 16:46:23:4623] [[32minfo[39m]: [32mRedis connecting...[39m
[2026-06-27 16:46:23:4623] [[32minfo[39m]: [32mRedis connected successfully and is ready.[39m
[2026-06-27 16:46:24:4624] [[32minfo[39m]: [32mStarting BullMQ Workers...[39m
[2026-06-27 16:46:24:4624] [[32minfo[39m]: [32mBullMQ simulation worker pool initialized.[39m
[2026-06-27 16:46:24:4624] [[32minfo[39m]: [32mInitializing BullMQ repeatable jobs scheduler...[39m
[2026-06-27 16:46:25:4625] [[32minfo[39m]: [32mBullMQ repeatable jobs scheduled successfully.[39m
[2026-06-27 16:46:25:4625] [[32minfo[39m]: [32m🚀 Server running in development mode on port 4000[39m
[2026-06-27 17:21:24:2124] [[31merror[39m]: [31mError: Invalid or expired authentication token[39m
[2026-06-27 17:26:35:2635] [[31merror[39m]: [31mError: Invalid or expired authentication token[39m
[2026-06-27 17:26:35:2635] [[31merror[39m]: [31mError: Invalid or expired authentication token[39m
[2026-06-27 17:30:34:3034] [[31merror[39m]: [31mError: Invalid or expired authentication token[39m
[2026-06-27 17:54:15:5415] [[31merror[39m]: [31mError: Invalid or expired authentication token[39m
[2026-06-27 17:54:15:5415] [[31merror[39m]: [31mError: Invalid or expired authentication token[39m
[2026-06-27 18:01:27:127] [[33mwarn[39m]: [33mMongoDB disconnected. Attempting to reconnect...[39m
[2026-06-27 18:01:29:129] [[32minfo[39m]: [32mMongoDB connected successfully.[39m
[2026-06-27 18:03:43:343] [[31merror[39m]: [31mError: Invalid or expired authentication token[39m
[2026-06-27 18:03:44:344] [[31merror[39m]: [31mError: Invalid or expired authentication token[39m
[2026-06-27 18:15:42:1542] [[31merror[39m]: [31mRedis error: read ECONNRESET[39m
[2026-06-27 18:15:42:1542] [[33mwarn[39m]: [33mRedis connection closed.[39m
[2026-06-27 18:15:43:1543] [[32minfo[39m]: [32mRedis connecting...[39m
[2026-06-27 18:15:43:1543] [[32minfo[39m]: [32mRedis connected successfully and is ready.[39m
[2026-06-27 18:16:35:1635] [[33mwarn[39m]: [33mMongoDB disconnected. Attempting to reconnect...[39m
[2026-06-27 18:16:38:1638] [[32minfo[39m]: [32mMongoDB connected successfully.[39m
