[2026-06-26 19:44:43:4443] [[31merror[39m]: [31mError: Cannot set property query of #<IncomingMessage> which has only a getter[39m
[2026-06-26 19:44:43:4443] [[31merror[39m]: [31mError: Cannot set property query of #<IncomingMessage> which has only a getter[39m
[2026-06-26 19:44:43:4443] [[31merror[39m]: [31mError: Cannot set property query of #<IncomingMessage> which has only a getter[39m
[2026-06-26 19:45:13:4513] [[31merror[39m]: [31mError: A user with this email address already exists[39m
[2026-06-27 09:35:56:3556] [[31merror[39m]: [31mError: A user with this email address already exists[39m
[2026-06-27 09:41:19:4119] [[31merror[39m]: [31mError: A user with this email address already exists[39m
[2026-06-27 09:41:19:4119] [[31merror[39m]: [31mError: E11000 duplicate key error collection: test.users index: username_1 dup key: { username: "test_player_1" }[39m
[2026-06-27 09:41:19:4119] [[31merror[39m]: [31mError: A user with this email address already exists[39m
[2026-06-27 09:42:39:4239] [[31merror[39m]: [31mError: A user with this email address already exists[39m
[2026-06-27 12:45:42:4542] [[31merror[39m]: [31mError in simulation worker job factoryProductionTick: getaddrinfo ENOTFOUND ac-ilxrxvu-shard-00-00.u7f2rck.mongodb.net[39m
[2026-06-27 12:59:58:5958] [[31merror[39m]: [31mRedis error: read ECONNRESET[39m
[2026-06-27 13:00:07:07] [[31merror[39m]: [31mRedis error: getaddrinfo ENOTFOUND ecru-sort-sister-35804.db.redis.io[39m
[2026-06-27 13:00:10:010] [[31merror[39m]: [31mRedis error: getaddrinfo ENOTFOUND ecru-sort-sister-35804.db.redis.io[39m
[2026-06-27 13:00:10:010] [[31merror[39m]: [31mRedis error: getaddrinfo ENOTFOUND ecru-sort-sister-35804.db.redis.io[39m
[2026-06-27 13:00:10:010] [[31merror[39m]: [31mRedis error: getaddrinfo ENOTFOUND ecru-sort-sister-35804.db.redis.io[39m
[2026-06-27 13:00:11:011] [[31merror[39m]: [31mRedis error: getaddrinfo ENOTFOUND ecru-sort-sister-35804.db.redis.io[39m
[2026-06-27 13:00:11:011] [[31merror[39m]: [31mRedis error: getaddrinfo ENOTFOUND ecru-sort-sister-35804.db.redis.io[39m
[2026-06-27 13:00:11:011] [[31merror[39m]: [31mRedis error: getaddrinfo ENOTFOUND ecru-sort-sister-35804.db.redis.io[39m
[2026-06-27 13:00:12:012] [[31merror[39m]: [31mRedis error: getaddrinfo ENOTFOUND ecru-sort-sister-35804.db.redis.io[39m
[2026-06-27 13:00:12:012] [[31merror[39m]: [31mRedis error: getaddrinfo ENOTFOUND ecru-sort-sister-35804.db.redis.io[39m
[2026-06-27 13:00:13:013] [[31merror[39m]: [31mRedis error: getaddrinfo ENOTFOUND ecru-sort-sister-35804.db.redis.io[39m
[2026-06-27 13:00:13:013] [[31merror[39m]: [31mRedis error: getaddrinfo ENOTFOUND ecru-sort-sister-35804.db.redis.io[39m
[2026-06-27 13:00:14:014] [[31merror[39m]: [31mRedis error: getaddrinfo ENOTFOUND ecru-sort-sister-35804.db.redis.io[39m
[2026-06-27 13:00:14:014] [[31merror[39m]: [31mRedis error: getaddrinfo ENOTFOUND ecru-sort-sister-35804.db.redis.io[39m
[2026-06-27 13:00:15:015] [[31merror[39m]: [31mRedis error: getaddrinfo ENOTFOUND ecru-sort-sister-35804.db.redis.io[39m
[2026-06-27 13:00:16:016] [[31merror[39m]: [31mRedis error: getaddrinfo ENOTFOUND ecru-sort-sister-35804.db.redis.io[39m
[2026-06-27 13:00:17:017] [[31merror[39m]: [31mRedis error: getaddrinfo ENOTFOUND ecru-sort-sister-35804.db.redis.io[39m
[2026-06-27 13:00:19:019] [[31merror[39m]: [31mRedis error: getaddrinfo ENOTFOUND ecru-sort-sister-35804.db.redis.io[39m
[2026-06-27 13:00:20:020] [[31merror[39m]: [31mRedis error: getaddrinfo ENOTFOUND ecru-sort-sister-35804.db.redis.io[39m
[2026-06-27 13:00:21:021] [[31merror[39m]: [31mRedis error: getaddrinfo ENOTFOUND ecru-sort-sister-35804.db.redis.io[39m
[2026-06-27 13:00:22:022] [[31merror[39m]: [31mRedis error: getaddrinfo ENOTFOUND ecru-sort-sister-35804.db.redis.io[39m
[2026-06-27 13:00:23:023] [[31merror[39m]: [31mRedis error: getaddrinfo ENOTFOUND ecru-sort-sister-35804.db.redis.io[39m
[2026-06-27 13:00:24:024] [[31merror[39m]: [31mRedis error: getaddrinfo ENOTFOUND ecru-sort-sister-35804.db.redis.io[39m
[2026-06-27 13:00:25:025] [[31merror[39m]: [31mRedis error: getaddrinfo ENOTFOUND ecru-sort-sister-35804.db.redis.io[39m
[2026-06-27 13:00:27:027] [[31merror[39m]: [31mRedis error: getaddrinfo ENOTFOUND ecru-sort-sister-35804.db.redis.io[39m
[2026-06-27 13:00:28:028] [[31merror[39m]: [31mRedis error: getaddrinfo ENOTFOUND ecru-sort-sister-35804.db.redis.io[39m
[2026-06-27 13:00:30:030] [[31merror[39m]: [31mRedis error: getaddrinfo ENOTFOUND ecru-sort-sister-35804.db.redis.io[39m
[2026-06-27 13:00:31:031] [[31merror[39m]: [31mRedis error: getaddrinfo ENOTFOUND ecru-sort-sister-35804.db.redis.io[39m
[2026-06-27 17:21:24:2124] [[31merror[39m]: [31mError: Invalid or expired authentication token[39m
[2026-06-27 17:26:35:2635] [[31merror[39m]: [31mError: Invalid or expired authentication token[39m
[2026-06-27 17:26:35:2635] [[31merror[39m]: [31mError: Invalid or expired authentication token[39m
[2026-06-27 17:30:34:3034] [[31merror[39m]: [31mError: Invalid or expired authentication token[39m
[2026-06-27 17:54:15:5415] [[31merror[39m]: [31mError: Invalid or expired authentication token[39m
[2026-06-27 17:54:15:5415] [[31merror[39m]: [31mError: Invalid or expired authentication token[39m
[2026-06-27 18:03:43:343] [[31merror[39m]: [31mError: Invalid or expired authentication token[39m
[2026-06-27 18:03:44:344] [[31merror[39m]: [31mError: Invalid or expired authentication token[39m
[2026-06-27 18:15:42:1542] [[31merror[39m]: [31mRedis error: read ECONNRESET[39m
